<?xml version="1.0" encoding="UTF-8"?>
<!-- Generated by org.testng.reporters.JUnitReportReporter -->
<testsuite hostname="Igor-PC" failures="0" tests="3" name="TestAmazon" time="7.445" errors="0" timestamp="06 Feb 2019 15:53:20 GMT" skipped="0">
  <testcase classname="TestAmazon" name="testBookWithLongestName" time="0.677"/>
  <testcase classname="TestAmazon" name="testBooksQuantity" time="0.048"/>
  <testcase classname="TestAmazon" name="testBookWithLowestRating" time="6.720"/>
</testsuite> <!-- TestAmazon -->
